<?xml version="1.0" encoding="UTF-8"?>
<!-- Generated by org.testng.reporters.JUnitXMLReporter -->
<testsuite ignored="0" hostname="bartek1-VirtualBox" failures="2" tests="2" name="Test" time="22.779" errors="0" timestamp="2020-02-03T16:39:07 CET">
  <testcase classname="org.gothos.tds.MainTest" name="CreateUser" time="18.593">
    <failure type="org.openqa.selenium.WebDriverException" message="Failed to decode response from marionette
Build info: version: &amp;apos;3.141.59&amp;apos;, revision: &amp;apos;e82be7d358&amp;apos;, time: &amp;apos;2018-11-14T08:25:48&amp;apos;
System info: host: &amp;apos;bartek1-VirtualBox&amp;apos;, ip: &amp;apos;127.0.1.1&amp;apos;, os.name: &amp;apos;Linux&amp;apos;, os.arch: &amp;apos;amd64&amp;apos;, os.version: &amp;apos;5.0.0-23-generic&amp;apos;, java.version: &amp;apos;11.0.6&amp;apos;
Driver info: org.openqa.selenium.firefox.FirefoxDriver
Capabilities {acceptInsecureCerts: true, browserName: firefox, browserVersion: 72.0.2, javascriptEnabled: true, moz:accessibilityChecks: false, moz:buildID: 20200117190643, moz:geckodriverVersion: 0.26.0, moz:headless: false, moz:processID: 10301, moz:profile: /tmp/rust_mozprofileUl1sFR, moz:shutdownTimeout: 60000, moz:useNonSpecCompliantPointerOrigin: false, moz:webdriverClick: true, pageLoadStrategy: normal, platform: LINUX, platformName: LINUX, platformVersion: 5.0.0-23-generic, rotatable: false, setWindowRect: true, strictFileInteractability: false, timeouts: {implicit: 0, pageLoad: 300000, script: 30000}, unhandledPromptBehavior: dismiss and notify}
Session ID: d276e118-228c-41ad-af69-c1972f0b9fd4
*** Element info: {Using=css selector, value=WebDriverWait wait = new WebDriverWait(driver, 60);}">
      <![CDATA[org.openqa.selenium.WebDriverException: Failed to decode response from marionette
Build info: version: '3.141.59', revision: 'e82be7d358', time: '2018-11-14T08:25:48'
System info: host: 'bartek1-VirtualBox', ip: '127.0.1.1', os.name: 'Linux', os.arch: 'amd64', os.version: '5.0.0-23-generic', java.version: '11.0.6'
Driver info: org.openqa.selenium.firefox.FirefoxDriver
Capabilities {acceptInsecureCerts: true, browserName: firefox, browserVersion: 72.0.2, javascriptEnabled: true, moz:accessibilityChecks: false, moz:buildID: 20200117190643, moz:geckodriverVersion: 0.26.0, moz:headless: false, moz:processID: 10301, moz:profile: /tmp/rust_mozprofileUl1sFR, moz:shutdownTimeout: 60000, moz:useNonSpecCompliantPointerOrigin: false, moz:webdriverClick: true, pageLoadStrategy: normal, platform: LINUX, platformName: LINUX, platformVersion: 5.0.0-23-generic, rotatable: false, setWindowRect: true, strictFileInteractability: false, timeouts: {implicit: 0, pageLoad: 300000, script: 30000}, unhandledPromptBehavior: dismiss and notify}
Session ID: d276e118-228c-41ad-af69-c1972f0b9fd4
*** Element info: {Using=css selector, value=WebDriverWait wait = new WebDriverWait(driver, 60);}
at org.openqa.selenium.remote.http.W3CHttpResponseCodec.createException(W3CHttpResponseCodec.java:187)
at org.openqa.selenium.remote.http.W3CHttpResponseCodec.decode(W3CHttpResponseCodec.java:122)
at org.openqa.selenium.remote.http.W3CHttpResponseCodec.decode(W3CHttpResponseCodec.java:49)
at org.openqa.selenium.remote.HttpCommandExecutor.execute(HttpCommandExecutor.java:158)
at org.openqa.selenium.remote.service.DriverCommandExecutor.execute(DriverCommandExecutor.java:83)
at org.openqa.selenium.remote.RemoteWebDriver.execute(RemoteWebDriver.java:552)
at org.openqa.selenium.remote.RemoteWebDriver.findElement(RemoteWebDriver.java:323)
at org.openqa.selenium.remote.RemoteWebDriver.findElementByCssSelector(RemoteWebDriver.java:420)
at org.openqa.selenium.By$ByCssSelector.findElement(By.java:431)
at org.openqa.selenium.remote.RemoteWebDriver.findElement(RemoteWebDriver.java:315)
at org.openqa.selenium.support.ui.ExpectedConditions$7.apply(ExpectedConditions.java:205)
at org.openqa.selenium.support.ui.ExpectedConditions$7.apply(ExpectedConditions.java:201)
at org.openqa.selenium.support.ui.FluentWait.until(FluentWait.java:249)
at org.gothos.tds.UserUtils.addUser(UserUtils.java:23)
at org.gothos.tds.MainTest.CreateUser(MainTest.java:23)
at java.base/java.util.ArrayList.forEach(ArrayList.java:1540)
... Removed 31 stack frames]]>
    </failure>
  </testcase> <!-- CreateUser -->
  <testcase classname="org.gothos.tds.MainTest" name="LoginUser" time="4.081">
    <failure type="org.openqa.selenium.NoSuchElementException" message="Unable to locate element: body &amp;gt; div:nth-child(1) &amp;gt; center:nth-child(1) &amp;gt; table:nth-child(6) &amp;gt; tbody:nth-child(1) &amp;gt; tr:nth-child(2) &amp;gt; td:nth-child(1) &amp;gt; div:nth-child(2) &amp;gt; center:nth-child(1) &amp;gt; table:nth-child(1) &amp;gt; tbody:nth-child(1) &amp;gt; tr:nth-child(1) &amp;gt; td:nth-child(2) &amp;gt; p:nth-child(1) &amp;gt; small:nth-child(1) &amp;gt; a:nth-child(7)
For documentation on this error, please visit: https://www.seleniumhq.org/exceptions/no_such_element.html
Build info: version: &amp;apos;3.141.59&amp;apos;, revision: &amp;apos;e82be7d358&amp;apos;, time: &amp;apos;2018-11-14T08:25:48&amp;apos;
System info: host: &amp;apos;bartek1-VirtualBox&amp;apos;, ip: &amp;apos;127.0.1.1&amp;apos;, os.name: &amp;apos;Linux&amp;apos;, os.arch: &amp;apos;amd64&amp;apos;, os.version: &amp;apos;5.0.0-23-generic&amp;apos;, java.version: &amp;apos;11.0.6&amp;apos;
Driver info: org.openqa.selenium.firefox.FirefoxDriver
Capabilities {acceptInsecureCerts: true, browserName: firefox, browserVersion: 72.0.2, javascriptEnabled: true, moz:accessibilityChecks: false, moz:buildID: 20200117190643, moz:geckodriverVersion: 0.26.0, moz:headless: false, moz:processID: 10467, moz:profile: /tmp/rust_mozprofileIbQQWV, moz:shutdownTimeout: 60000, moz:useNonSpecCompliantPointerOrigin: false, moz:webdriverClick: true, pageLoadStrategy: normal, platform: LINUX, platformName: LINUX, platformVersion: 5.0.0-23-generic, rotatable: false, setWindowRect: true, strictFileInteractability: false, timeouts: {implicit: 0, pageLoad: 300000, script: 30000}, unhandledPromptBehavior: dismiss and notify}
Session ID: 9a832ecc-f5a6-48f3-b7cf-608a6a0005a1
*** Element info: {Using=css selector, value=body &amp;gt; div:nth-child(1) &amp;gt; center:nth-child(1) &amp;gt; table:nth-child(6) &amp;gt; tbody:nth-child(1) &amp;gt; tr:nth-child(2) &amp;gt; td:nth-child(1) &amp;gt; div:nth-child(2) &amp;gt; center:nth-child(1) &amp;gt; table:nth-child(1) &amp;gt; tbody:nth-child(1) &amp;gt; tr:nth-child(1) &amp;gt; td:nth-child(2) &amp;gt; p:nth-child(1) &amp;gt; small:nth-child(1) &amp;gt; a:nth-child(7)}">
      <![CDATA[org.openqa.selenium.NoSuchElementException: Unable to locate element: body > div:nth-child(1) > center:nth-child(1) > table:nth-child(6) > tbody:nth-child(1) > tr:nth-child(2) > td:nth-child(1) > div:nth-child(2) > center:nth-child(1) > table:nth-child(1) > tbody:nth-child(1) > tr:nth-child(1) > td:nth-child(2) > p:nth-child(1) > small:nth-child(1) > a:nth-child(7)
For documentation on this error, please visit: https://www.seleniumhq.org/exceptions/no_such_element.html
Build info: version: '3.141.59', revision: 'e82be7d358', time: '2018-11-14T08:25:48'
System info: host: 'bartek1-VirtualBox', ip: '127.0.1.1', os.name: 'Linux', os.arch: 'amd64', os.version: '5.0.0-23-generic', java.version: '11.0.6'
Driver info: org.openqa.selenium.firefox.FirefoxDriver
Capabilities {acceptInsecureCerts: true, browserName: firefox, browserVersion: 72.0.2, javascriptEnabled: true, moz:accessibilityChecks: false, moz:buildID: 20200117190643, moz:geckodriverVersion: 0.26.0, moz:headless: false, moz:processID: 10467, moz:profile: /tmp/rust_mozprofileIbQQWV, moz:shutdownTimeout: 60000, moz:useNonSpecCompliantPointerOrigin: false, moz:webdriverClick: true, pageLoadStrategy: normal, platform: LINUX, platformName: LINUX, platformVersion: 5.0.0-23-generic, rotatable: false, setWindowRect: true, strictFileInteractability: false, timeouts: {implicit: 0, pageLoad: 300000, script: 30000}, unhandledPromptBehavior: dismiss and notify}
Session ID: 9a832ecc-f5a6-48f3-b7cf-608a6a0005a1
*** Element info: {Using=css selector, value=body > div:nth-child(1) > center:nth-child(1) > table:nth-child(6) > tbody:nth-child(1) > tr:nth-child(2) > td:nth-child(1) > div:nth-child(2) > center:nth-child(1) > table:nth-child(1) > tbody:nth-child(1) > tr:nth-child(1) > td:nth-child(2) > p:nth-child(1) > small:nth-child(1) > a:nth-child(7)}
at org.openqa.selenium.remote.http.W3CHttpResponseCodec.createException(W3CHttpResponseCodec.java:187)
at org.openqa.selenium.remote.http.W3CHttpResponseCodec.decode(W3CHttpResponseCodec.java:122)
at org.openqa.selenium.remote.http.W3CHttpResponseCodec.decode(W3CHttpResponseCodec.java:49)
at org.openqa.selenium.remote.HttpCommandExecutor.execute(HttpCommandExecutor.java:158)
at org.openqa.selenium.remote.service.DriverCommandExecutor.execute(DriverCommandExecutor.java:83)
at org.openqa.selenium.remote.RemoteWebDriver.execute(RemoteWebDriver.java:552)
at org.openqa.selenium.remote.RemoteWebDriver.findElement(RemoteWebDriver.java:323)
at org.openqa.selenium.remote.RemoteWebDriver.findElementByCssSelector(RemoteWebDriver.java:420)
at org.openqa.selenium.By$ByCssSelector.findElement(By.java:431)
at org.openqa.selenium.remote.RemoteWebDriver.findElement(RemoteWebDriver.java:315)
at org.gothos.tds.UserUtils.loginUser(UserUtils.java:39)
at org.gothos.tds.MainTest.LoginUser(MainTest.java:32)
at java.base/java.util.ArrayList.forEach(ArrayList.java:1540)
... Removed 31 stack frames]]>
    </failure>
  </testcase> <!-- LoginUser -->
</testsuite> <!-- Test -->
